<?xml version="1.0" encoding="UTF-8" ?>
<testsuite errors="7" failures="0" hostname="DESKTOP-GU3RF3I" name="warmup.QuadraticTest" skipped="0" tests="8" time="0.159" timestamp="2021-12-05T14:10:10">
  <properties>
    <property name="java.vendor" value="AdoptOpenJDK" />
    <property name="sun.java.launcher" value="SUN_STANDARD" />
    <property name="sun.management.compiler" value="HotSpot 64-Bit Tiered Compilers" />
    <property name="build.sysclasspath" value="ignore" />
    <property name="os.name" value="Windows 10" />
    <property name="sun.desktop" value="windows" />
    <property name="java.vm.specification.vendor" value="Oracle Corporation" />
    <property name="ant.home" value="C:\Users\natha\Desktop\apache\apache-ant-1.9.16" />
    <property name="java.runtime.version" value="11.0.11+9" />
    <property name="user.name" value="natha" />
    <property name="ant.build.javac.target" value="1.8" />
    <property name="user.language" value="en" />
    <property name="sun.boot.library.path" value="C:\Program Files\AdoptOpenJDK\jdk-11.0.11.9-hotspot\bin" />
    <property name="grader.report.file" value="my-grader-report.xml" />
    <property name="ant.project.default-target" value="all" />
    <property name="java.vm.compressedOopsMode" value="Zero based" />
    <property name="java.version" value="11.0.11" />
    <property name="user.timezone" value="" />
    <property name="sun.arch.data.model" value="64" />
    <property name="sun.cpu.isalist" value="amd64" />
    <property name="sun.jnu.encoding" value="Cp1252" />
    <property name="file.separator" value="\" />
    <property name="java.specification.name" value="Java Platform API Specification" />
    <property name="java.class.version" value="55.0" />
    <property name="user.country" value="GB" />
    <property name="java.home" value="C:\Program Files\AdoptOpenJDK\jdk-11.0.11.9-hotspot" />
    <property name="java.vm.info" value="mixed mode" />
    <property name="ant.file" value="C:\Users\natha\Desktop\final1\ps1\build.xml" />
    <property name="os.version" value="10.0" />
    <property name="final.grader.jar" value="ps1-final-grader.jar" />
    <property name="path.separator" value=";" />
    <property name="java.vm.version" value="11.0.11+9" />
    <property name="user.variant" value="" />
    <property name="ant.library.dir" value="C:\Users\natha\Desktop\apache\apache-ant-1.9.16\lib" />
    <property name="java.awt.printerjob" value="sun.awt.windows.WPrinterJob" />
    <property name="sun.io.unicode.encoding" value="UnicodeLittle" />
    <property name="awt.toolkit" value="sun.awt.windows.WToolkit" />
    <property name="sun.stdout.encoding" value="cp850" />
    <property name="user.script" value="" />
    <property name="user.home" value="C:\Users\natha" />
    <property name="java.version.date" value="2021-04-20" />
    <property name="java.specification.vendor" value="Oracle Corporation" />
    <property name="which.tests.ran" value="BETA" />
    <property name="java.library.path" value="C:\Program Files\AdoptOpenJDK\jdk-11.0.11.9-hotspot\bin;C:\Windows\Sun\Java\bin;C:\Windows\system32;C:\Windows;%ANT_HOME%\bin;C:\Users\natha\apache\apache-maven-3.8.2\bin;C:\Users\natha\AppData\Roaming\npm;C:\Program Files\nodejs\;C:\Python39\Scripts\;C:\Python39\;C:\Users\natha\Desktop\apache\apache-ant-1.9.16\bin;C:\Program Files\AdoptOpenJDK\jdk-11.0.11.9-hotspot\bin;C:\Windows\system32;C:\Windows;C:\Windows\System32\Wbem;C:\Windows\System32\WindowsPowerShell\v1.0\;C:\Windows\System32\OpenSSH\;C:\Program Files\Microsoft VS Code\bin;C:\Program Files\Git\cmd;C:\ProgramData\chocolatey\bin;C:\Program Files\Git\bin\;C:\Program Files (x86)\NVIDIA Corporation\PhysX\Common;C:\Program Files (x86)\Gpg4win\..\GnuPG\bin;C:\Program Files\PuTTY\;C:\Program Files\Docker\Docker\resources\bin;C:\ProgramData\DockerDesktop\version-bin;C:\Program Files\NVIDIA Corporation\NVIDIA NvDLISR;C:\Program Files\MySQL\MySQL Shell 8.0\bin\;C:\Users\natha\AppData\Local\Microsoft\WindowsApps;C:\Program Files\JetBrains\IntelliJ IDEA 2021.2\bin;C:\Program Files\heroku\bin;C:\adb;C:\Program Files\MySQL\MySQL Shell 8.0\bin\;C:\Users\natha\AppData\Roaming\npm;C:\Users\natha\AppData\Local\Microsoft\WindowsApps;C:\Program Files\JetBrains\IntelliJ IDEA 2021.3\bin;;C:\Program Files\heroku\bin;." />
    <property name="java.vendor.url" value="https://adoptopenjdk.net/" />
    <property name="java.vm.vendor" value="AdoptOpenJDK" />
    <property name="java.runtime.name" value="OpenJDK Runtime Environment" />
    <property name="beta.grader.jar" value="ps1-beta-grader.jar" />
    <property name="sun.java.command" value="org.apache.tools.ant.taskdefs.optional.junit.JUnitTestRunner warmup.QuadraticTest skipNonTests=false filtertrace=true haltOnError=false haltOnFailure=false showoutput=false outputtoformatters=true logfailedtests=true threadid=0 logtestlistenerevents=false formatter=org.apache.tools.ant.taskdefs.optional.junit.XMLJUnitResultFormatter,C:\Users\natha\Desktop\final1\ps1\.grader\TEST-warmup.QuadraticTest.xml crashfile=C:\Users\natha\Desktop\final1\ps1\.grader\junitvmwatcher11784819503354724398.properties propsfile=C:\Users\natha\Desktop\final1\ps1\.grader\junit12193267973677196691.properties" />
    <property name="java.class.path" value="C:\Users\natha\Desktop\final1\ps1\lib\junit-4.12.jar;C:\Users\natha\Desktop\final1\ps1\lib\hamcrest-core-1.3.jar;C:\Users\natha\Desktop\final1\ps1\.grader\bin-student;C:\Users\natha\Desktop\apache\apache-ant-1.9.16\lib\ant-launcher.jar;C:\Users\natha\Desktop\apache\apache-ant-1.9.16\lib\ant.jar;C:\Users\natha\Desktop\apache\apache-ant-1.9.16\lib\ant-junit.jar;C:\Users\natha\Desktop\apache\apache-ant-1.9.16\lib\ant-junit4.jar" />
    <property name="ant.version" value="Apache Ant(TM) version 1.9.16 compiled on July 10 2021" />
    <property name="project.name" value="ps1-warmup" />
    <property name="jdk.debug" value="release" />
    <property name="java.vm.specification.name" value="Java Virtual Machine Specification" />
    <property name="ant.file.type" value="file" />
    <property name="java.vm.specification.version" value="11" />
    <property name="sun.cpu.endian" value="little" />
    <property name="didit.desc" value="Running the tests we gave you with the problem set on your implementation." />
    <property name="sun.os.patch.level" value="" />
    <property name="java.io.tmpdir" value="C:\Users\natha\AppData\Local\Temp\" />
    <property name="java.vendor.url.bug" value="https://github.com/AdoptOpenJDK/openjdk-support/issues" />
    <property name="os.arch" value="amd64" />
    <property name="java.awt.graphicsenv" value="sun.awt.Win32GraphicsEnvironment" />
    <property name="user.dir" value="C:\Users\natha\Desktop\final1\ps1" />
    <property name="line.separator" value="&#xd;&#xa;" />
    <property name="zipfile" value="my-submission.zip" />
    <property name="java.vm.name" value="OpenJDK 64-Bit Server VM" />
    <property name="problem.set" value="ps1" />
    <property name="basedir" value="C:\Users\natha\Desktop\final1\ps1" />
    <property name="ant.java.version" value="11" />
    <property name="ant.core.lib" value="C:\Users\natha\Desktop\apache\apache-ant-1.9.16\lib\ant.jar" />
    <property name="sun.stderr.encoding" value="cp850" />
    <property name="file.encoding" value="Cp1252" />
    <property name="java.specification.version" value="11" />
    <property name="grader.dir" value=".grader" />
    <property name="java.vendor.version" value="AdoptOpenJDK-11.0.11+9" />
    <property name="ant.project.invoked-targets" value="all" />
  </properties>
  <testcase classname="warmup.QuadraticTest" name="testOneRoot" time="0.007">
    <error message="not implemented yet;" type="java.lang.RuntimeException">java.lang.RuntimeException: not implemented yet;
	at warmup.Quadratic.roots(Quadratic.java:15)
	at warmup.QuadraticTest.testOneRoot(QuadraticTest.java:65)
	at java.base/jdk.internal.reflect.NativeMethodAccessorImpl.invoke0(Native Method)
	at java.base/jdk.internal.reflect.NativeMethodAccessorImpl.invoke(NativeMethodAccessorImpl.java:62)
	at java.base/jdk.internal.reflect.DelegatingMethodAccessorImpl.invoke(DelegatingMethodAccessorImpl.java:43)
</error>
  </testcase>
  <testcase classname="warmup.QuadraticTest" name="testAssertionsEnabled" time="0.0" />
  <testcase classname="warmup.QuadraticTest" name="testOneZeroRoot" time="0.001">
    <error message="not implemented yet;" type="java.lang.RuntimeException">java.lang.RuntimeException: not implemented yet;
	at warmup.Quadratic.roots(Quadratic.java:15)
	at warmup.QuadraticTest.testOneZeroRoot(QuadraticTest.java:59)
	at java.base/jdk.internal.reflect.NativeMethodAccessorImpl.invoke0(Native Method)
	at java.base/jdk.internal.reflect.NativeMethodAccessorImpl.invoke(NativeMethodAccessorImpl.java:62)
	at java.base/jdk.internal.reflect.DelegatingMethodAccessorImpl.invoke(DelegatingMethodAccessorImpl.java:43)
</error>
  </testcase>
  <testcase classname="warmup.QuadraticTest" name="testPositiveRoots" time="0.001">
    <error message="not implemented yet;" type="java.lang.RuntimeException">java.lang.RuntimeException: not implemented yet;
	at warmup.Quadratic.roots(Quadratic.java:15)
	at warmup.QuadraticTest.testPositiveRoots(QuadraticTest.java:41)
	at java.base/jdk.internal.reflect.NativeMethodAccessorImpl.invoke0(Native Method)
	at java.base/jdk.internal.reflect.NativeMethodAccessorImpl.invoke(NativeMethodAccessorImpl.java:62)
	at java.base/jdk.internal.reflect.DelegatingMethodAccessorImpl.invoke(DelegatingMethodAccessorImpl.java:43)
</error>
  </testcase>
  <testcase classname="warmup.QuadraticTest" name="testBothZeroRoots" time="0.001">
    <error message="not implemented yet;" type="java.lang.RuntimeException">java.lang.RuntimeException: not implemented yet;
	at warmup.Quadratic.roots(Quadratic.java:15)
	at warmup.QuadraticTest.testBothZeroRoots(QuadraticTest.java:71)
	at java.base/jdk.internal.reflect.NativeMethodAccessorImpl.invoke0(Native Method)
	at java.base/jdk.internal.reflect.NativeMethodAccessorImpl.invoke(NativeMethodAccessorImpl.java:62)
	at java.base/jdk.internal.reflect.DelegatingMethodAccessorImpl.invoke(DelegatingMethodAccessorImpl.java:43)
</error>
  </testcase>
  <testcase classname="warmup.QuadraticTest" name="testOppositeSignRoots" time="0.001">
    <error message="not implemented yet;" type="java.lang.RuntimeException">java.lang.RuntimeException: not implemented yet;
	at warmup.Quadratic.roots(Quadratic.java:15)
	at warmup.QuadraticTest.testOppositeSignRoots(QuadraticTest.java:53)
	at java.base/jdk.internal.reflect.NativeMethodAccessorImpl.invoke0(Native Method)
	at java.base/jdk.internal.reflect.NativeMethodAccessorImpl.invoke(NativeMethodAccessorImpl.java:62)
	at java.base/jdk.internal.reflect.DelegatingMethodAccessorImpl.invoke(DelegatingMethodAccessorImpl.java:43)
</error>
  </testcase>
  <testcase classname="warmup.QuadraticTest" name="testNegativeRoots" time="0.001">
    <error message="not implemented yet;" type="java.lang.RuntimeException">java.lang.RuntimeException: not implemented yet;
	at warmup.Quadratic.roots(Quadratic.java:15)
	at warmup.QuadraticTest.testNegativeRoots(QuadraticTest.java:47)
	at java.base/jdk.internal.reflect.NativeMethodAccessorImpl.invoke0(Native Method)
	at java.base/jdk.internal.reflect.NativeMethodAccessorImpl.invoke(NativeMethodAccessorImpl.java:62)
	at java.base/jdk.internal.reflect.DelegatingMethodAccessorImpl.invoke(DelegatingMethodAccessorImpl.java:43)
</error>
  </testcase>
  <testcase classname="warmup.QuadraticTest" name="testLargeRoots" time="0.001">
    <error message="not implemented yet;" type="java.lang.RuntimeException">java.lang.RuntimeException: not implemented yet;
	at warmup.Quadratic.roots(Quadratic.java:15)
	at warmup.QuadraticTest.testLargeRoots(QuadraticTest.java:79)
	at java.base/jdk.internal.reflect.NativeMethodAccessorImpl.invoke0(Native Method)
	at java.base/jdk.internal.reflect.NativeMethodAccessorImpl.invoke(NativeMethodAccessorImpl.java:62)
	at java.base/jdk.internal.reflect.DelegatingMethodAccessorImpl.invoke(DelegatingMethodAccessorImpl.java:43)
</error>
  </testcase>
  <system-out><![CDATA[]]></system-out>
  <system-err><![CDATA[]]></system-err>
</testsuite>
