<?xml version="1.0" encoding="UTF-8" ?>
<testsuite errors="7" failures="0" hostname="DESKTOP-GU3RF3I" name="warmup.QuadraticTest" skipped="0" tests="8" time="0.159" timestamp="2021-12-05T14:10:10">
  <properties>
[...]
</properties>
  <testcase classname="warmup.QuadraticTest" name="testOneRoot" time="0.007">
    <error message="not implemented yet;" type="java.lang.RuntimeException">java.lang.RuntimeException: not implemented yet;
	at warmup.Quadratic.roots(Quadratic.java:15)
	at warmup.QuadraticTest.testOneRoot(QuadraticTest.java:65)
	at java.base/jdk.internal.reflect.NativeMethodAccessorImpl.invoke0(Native Method)
	at java.base/jdk.internal.reflect.NativeMethodAccessorImpl.invoke(NativeMethodAccessorImpl.java:62)
	at java.base/jdk.internal.reflect.DelegatingMethodAccessorImpl.invoke(DelegatingMethodAccessorImpl.java:43)
</error>
  </testcase>
  <testcase classname="warmup.QuadraticTest" name="testAssertionsEnabled" time="0.0" />
  <testcase classname="warmup.QuadraticTest" name="testOneZeroRoot" time="0.001">
    <error message="not implemented yet;" type="java.lang.RuntimeException">java.lang.RuntimeException: not implemented yet;
	at warmup.Quadratic.roots(Quadratic.java:15)
	at warmup.QuadraticTest.testOneZeroRoot(QuadraticTest.java:59)
	at java.base/jdk.internal.reflect.NativeMethodAccessorImpl.invoke0(Native Method)
	at java.base/jdk.internal.reflect.NativeMethodAccessorImpl.invoke(NativeMethodAccessorImpl.java:62)
	at java.base/jdk.internal.reflect.DelegatingMethodAccessorImpl.invoke(DelegatingMethodAccessorImpl.java:43)
</error>
  </testcase>
  <testcase classname="warmup.QuadraticTest" name="testPositiveRoots" time="0.001">
    <error message="not implemented yet;" type="java.lang.RuntimeException">java.lang.RuntimeException: not implemented yet;
	at warmup.Quadratic.roots(Quadratic.java:15)
	at warmup.QuadraticTest.testPositiveRoots(QuadraticTest.java:41)
	at java.base/jdk.internal.reflect.NativeMethodAccessorImpl.invoke0(Native Method)
	at java.base/jdk.internal.reflect.NativeMethodAccessorImpl.invoke(NativeMethodAccessorImpl.java:62)
	at java.base/jdk.internal.reflect.DelegatingMethodAccessorImpl.invoke(DelegatingMethodAccessorImpl.java:43)
</error>
  </testcase>
  <testcase classname="warmup.QuadraticTest" name="testBothZeroRoots" time="0.001">
    <error message="not implemented yet;" type="java.lang.RuntimeException">java.lang.RuntimeException: not implemented yet;
	at warmup.Quadratic.roots(Quadratic.java:15)
	at warmup.QuadraticTest.testBothZeroRoots(QuadraticTest.java:71)
	at java.base/jdk.internal.reflect.NativeMethodAccessorImpl.invoke0(Native Method)
	at java.base/jdk.internal.reflect.NativeMethodAccessorImpl.invoke(NativeMethodAccessorImpl.java:62)
	at java.base/jdk.internal.reflect.DelegatingMethodAccessorImpl.invoke(DelegatingMethodAccessorImpl.java:43)
</error>
  </testcase>
  <testcase classname="warmup.QuadraticTest" name="testOppositeSignRoots" time="0.001">
    <error message="not implemented yet;" type="java.lang.RuntimeException">java.lang.RuntimeException: not implemented yet;
	at warmup.Quadratic.roots(Quadratic.java:15)
	at warmup.QuadraticTest.testOppositeSignRoots(QuadraticTest.java:53)
	at java.base/jdk.internal.reflect.NativeMethodAccessorImpl.invoke0(Native Method)
	at java.base/jdk.internal.reflect.NativeMethodAccessorImpl.invoke(NativeMethodAccessorImpl.java:62)
	at java.base/jdk.internal.reflect.DelegatingMethodAccessorImpl.invoke(DelegatingMethodAccessorImpl.java:43)
</error>
  </testcase>
  <testcase classname="warmup.QuadraticTest" name="testNegativeRoots" time="0.001">
    <error message="not implemented yet;" type="java.lang.RuntimeException">java.lang.RuntimeException: not implemented yet;
	at warmup.Quadratic.roots(Quadratic.java:15)
	at warmup.QuadraticTest.testNegativeRoots(QuadraticTest.java:47)
	at java.base/jdk.internal.reflect.NativeMethodAccessorImpl.invoke0(Native Method)
	at java.base/jdk.internal.reflect.NativeMethodAccessorImpl.invoke(NativeMethodAccessorImpl.java:62)
	at java.base/jdk.internal.reflect.DelegatingMethodAccessorImpl.invoke(DelegatingMethodAccessorImpl.java:43)
</error>
  </testcase>
  <testcase classname="warmup.QuadraticTest" name="testLargeRoots" time="0.001">
    <error message="not implemented yet;" type="java.lang.RuntimeException">java.lang.RuntimeException: not implemented yet;
	at warmup.Quadratic.roots(Quadratic.java:15)
	at warmup.QuadraticTest.testLargeRoots(QuadraticTest.java:79)
	at java.base/jdk.internal.reflect.NativeMethodAccessorImpl.invoke0(Native Method)
	at java.base/jdk.internal.reflect.NativeMethodAccessorImpl.invoke(NativeMethodAccessorImpl.java:62)
	at java.base/jdk.internal.reflect.DelegatingMethodAccessorImpl.invoke(DelegatingMethodAccessorImpl.java:43)
</error>
  </testcase>
  <system-out><![CDATA[]]></system-out>
  <system-err><![CDATA[]]></system-err>
</testsuite>
